<?xml version="1.0" encoding="utf-8"?><testsuites name="pytest tests"><testsuite name="pytest" errors="0" failures="0" skipped="1" tests="48" time="8.501" timestamp="2026-08-08T17:20:45.364931+00:00" hostname="agent-env-2c441276-b6a9-48a2-8b4e-6be9f3e4da7e"><testcase classname="tests.backend_test.TestHealth" name="test_root" time="0.280" /><testcase classname="tests.backend_test.TestAuth" name="test_admin_login_success" time="0.258" /><testcase classname="tests.backend_test.TestAuth" name="test_admin_login_wrong_pw" time="0.374" /><testcase classname="tests.backend_test.TestAuth" name="test_register_endpoint_removed" time="0.030" /><testcase classname="tests.backend_test.TestAuth" name="test_me_unauth" time="0.029" /><testcase classname="tests.backend_test.TestPenjahitMgmt" name="test_create_penjahit_short_name" time="0.029" /><testcase classname="tests.backend_test.TestPenjahitMgmt" name="test_create_penjahit_bad_pin" time="0.100" /><testcase classname="tests.backend_test.TestPenjahitMgmt" name="test_create_penjahit_success" time="0.293" /><testcase classname="tests.backend_test.TestPenjahitMgmt" name="test_create_penjahit_duplicate" time="0.076" /><testcase classname="tests.backend_test.TestPenjahitMgmt" name="test_create_second_penjahit" time="0.297" /><testcase classname="tests.backend_test.TestPenjahitMgmt" name="test_list_penjahit" time="0.029" /><testcase classname="tests.backend_test.TestPenjahitMgmt" name="test_login_penjahit_success" time="0.252" /><testcase classname="tests.backend_test.TestPenjahitMgmt" name="test_login_wrong_pin" time="0.252" /><testcase classname="tests.backend_test.TestPenjahitMgmt" name="test_login_tailor2" time="0.252" /><testcase classname="tests.backend_test.TestPenjahitMgmt" name="test_patch_penjahit_reset_pin" time="0.545" /><testcase classname="tests.backend_test.TestPenjahitMgmt" name="test_patch_penjahit_bad_pin" time="0.077" /><testcase classname="tests.backend_test.TestPenjahitMgmt" name="test_patch_penjahit_deactivate" time="0.312" /><testcase classname="tests.backend_test.TestAdminMgmt" name="test_create_admin_short_username" time="0.071" /><testcase classname="tests.backend_test.TestAdminMgmt" name="test_create_admin_short_password" time="0.031" /><testcase classname="tests.backend_test.TestAdminMgmt" name="test_create_admin_success" time="0.292" /><testcase classname="tests.backend_test.TestAdminMgmt" name="test_list_admins" time="0.029" /><testcase classname="tests.backend_test.TestAdminMgmt" name="test_delete_self_forbidden" time="0.074" /><testcase classname="tests.backend_test.TestAdminMgmt" name="test_delete_other_admin" time="0.037" /><testcase classname="tests.backend_test.TestMasterData" name="test_master_data_shape" time="0.073" /><testcase classname="tests.backend_test.TestMasterData" name="test_master_data_requires_auth" time="0.028" /><testcase classname="tests.backend_test.TestRecords" name="test_create_record_utama" time="0.077" /><testcase classname="tests.backend_test.TestRecords" name="test_create_record_invalid_time" time="0.034" /><testcase classname="tests.backend_test.TestRecords" name="test_create_record_lain_out_of_range" time="0.029" /><testcase classname="tests.backend_test.TestRecords" name="test_create_record_overlap" time="0.032" /><testcase classname="tests.backend_test.TestRecords" name="test_create_istirahat" time="0.030" /><testcase classname="tests.backend_test.TestRecords" name="test_istirahat_only_once" time="0.075" /><testcase classname="tests.backend_test.TestRecords" name="test_list_records" time="0.033" /><testcase classname="tests.backend_test.TestRecords" name="test_patch_record" time="0.104" /><testcase classname="tests.backend_test.TestRecords" name="test_patch_synced_forbidden" time="0.000"><skipped type="pytest.skip" message="Cannot mark is_synced=True without direct DB access; verified via code review">/app/backend/tests/backend_test.py:301: Cannot mark is_synced=True without direct DB access; verified via code review</skipped></testcase><testcase classname="tests.backend_test.TestRecords" name="test_delete_other_users_record_404" time="0.111" /><testcase classname="tests.backend_test.TestRecords" name="test_delete_own_record" time="0.139" /><testcase classname="tests.backend_test.TestRecords" name="test_admin_delete_any" time="0.072" /><testcase classname="tests.backend_test.TestAdminRecords" name="test_admin_records_forbidden" time="0.031" /><testcase classname="tests.backend_test.TestAdminRecords" name="test_admin_records_ok" time="0.030" /><testcase classname="tests.backend_test.TestAdminRecords" name="test_admin_records_filter_tim" time="0.033" /><testcase classname="tests.backend_test.TestAdminRecords" name="test_admin_summary" time="0.036" /><testcase classname="tests.backend_test.TestSheetConfig" name="test_sheet_config_get" time="0.032" /><testcase classname="tests.backend_test.TestSheetConfig" name="test_sheet_config_invalid_json" time="0.030" /><testcase classname="tests.backend_test.TestSheetConfig" name="test_sheet_config_missing_fields" time="0.076" /><testcase classname="tests.backend_test.TestSheetConfig" name="test_sync_records_unconfigured" time="2.479" /><testcase classname="tests.backend_test.TestSheetConfig" name="test_sync_master_unconfigured" time="0.545" /><testcase classname="tests.backend_test.TestSheetConfig" name="test_sync_forbidden_for_penjahit" time="0.101" /><testcase classname="tests.backend_test.TestZCleanup" name="test_delete_test_penjahits" time="0.059" /></testsuite></testsuites>