<?xml version="1.0" encoding="utf-8"?><testsuites name="pytest tests"><testsuite name="pytest" errors="0" failures="0" skipped="0" tests="34" time="3.576" timestamp="2026-08-04T16:21:26.666089+00:00" hostname="agent-env-2c441276-b6a9-48a2-8b4e-6be9f3e4da7e"><testcase classname="tests.backend_test.TestHealth" name="test_root" time="0.239" /><testcase classname="tests.backend_test.TestAuth" name="test_register_short_nama_400" time="0.055" /><testcase classname="tests.backend_test.TestAuth" name="test_register_bad_pin_400" time="0.099" /><testcase classname="tests.backend_test.TestAuth" name="test_register_success" time="0.272" /><testcase classname="tests.backend_test.TestAuth" name="test_register_duplicate_400" time="0.053" /><testcase classname="tests.backend_test.TestAuth" name="test_register_second_tailor" time="0.268" /><testcase classname="tests.backend_test.TestAuth" name="test_login_success" time="0.269" /><testcase classname="tests.backend_test.TestAuth" name="test_login_wrong_pin" time="0.262" /><testcase classname="tests.backend_test.TestAuth" name="test_admin_login_success" time="0.300" /><testcase classname="tests.backend_test.TestAuth" name="test_admin_login_wrong_password" time="0.264" /><testcase classname="tests.backend_test.TestAuth" name="test_me_penjahit" time="0.079" /><testcase classname="tests.backend_test.TestAuth" name="test_me_admin" time="0.042" /><testcase classname="tests.backend_test.TestAuth" name="test_me_unauth" time="0.035" /><testcase classname="tests.backend_test.TestMasterData" name="test_get_master_data" time="0.082" /><testcase classname="tests.backend_test.TestMasterData" name="test_add_master_requires_auth" time="0.039" /><testcase classname="tests.backend_test.TestMasterData" name="test_add_master_invalid_type_400" time="0.077" /><testcase classname="tests.backend_test.TestMasterData" name="test_add_master_success" time="0.078" /><testcase classname="tests.backend_test.TestEntries" name="test_create_entry_requires_auth" time="0.080" /><testcase classname="tests.backend_test.TestEntries" name="test_create_entry_rejects_missing_activity" time="0.035" /><testcase classname="tests.backend_test.TestEntries" name="test_create_entry_utama_success" time="0.087" /><testcase classname="tests.backend_test.TestEntries" name="test_create_entry_lain_only" time="0.067" /><testcase classname="tests.backend_test.TestEntries" name="test_entries_today" time="0.042" /><testcase classname="tests.backend_test.TestEntries" name="test_list_entries" time="0.037" /><testcase classname="tests.backend_test.TestEntries" name="test_delete_other_users_entry_forbidden" time="0.109" /><testcase classname="tests.backend_test.TestEntries" name="test_delete_own_entry" time="0.117" /><testcase classname="tests.backend_test.TestEntries" name="test_admin_can_delete_any" time="0.041" /><testcase classname="tests.backend_test.TestAdmin" name="test_admin_entries_forbidden_for_penjahit" time="0.042" /><testcase classname="tests.backend_test.TestAdmin" name="test_admin_entries_ok" time="0.045" /><testcase classname="tests.backend_test.TestAdmin" name="test_admin_entries_filter_tim" time="0.049" /><testcase classname="tests.backend_test.TestAdmin" name="test_admin_summary" time="0.041" /><testcase classname="tests.backend_test.TestAdmin" name="test_admin_sheet_config_get" time="0.079" /><testcase classname="tests.backend_test.TestAdmin" name="test_admin_sheet_config_invalid_json_400" time="0.043" /><testcase classname="tests.backend_test.TestAdmin" name="test_admin_sync_sheet_not_configured_400" time="0.049" /><testcase classname="tests.backend_test.TestAdmin" name="test_admin_sync_sheet_forbidden_for_penjahit" time="0.043" /></testsuite></testsuites>